2024-08-04 13:27:20,723 INFO  org.apache.flink.runtime.entrypoint.ClusterEntrypoint        [] - --------------------------------------------------------------------------------
2024-08-04 13:27:20,728 INFO  org.apache.flink.runtime.entrypoint.ClusterEntrypoint        [] -  Preconfiguration: 
2024-08-04 13:27:20,728 INFO  org.apache.flink.runtime.entrypoint.ClusterEntrypoint        [] - 


JM_RESOURCE_PARAMS extraction logs:
jvm_params: -Xmx1073741824 -Xms1073741824 -XX:MaxMetaspaceSize=268435456
logs: INFO  [] - Loading configuration property: jobmanager.rpc.address, localhost
INFO  [] - Loading configuration property: jobmanager.rpc.port, 6123
INFO  [] - Loading configuration property: jobmanager.memory.process.size, 1600m
INFO  [] - Loading configuration property: taskmanager.memory.process.size, 1728m
INFO  [] - Loading configuration property: taskmanager.numberOfTaskSlots, 1
INFO  [] - Loading configuration property: parallelism.default, 1
INFO  [] - Loading configuration property: jobmanager.execution.failover-strategy, region
INFO  [] - Loading configuration property: rest.port, 8081
INFO  [] - Loading configuration property: env.java.home, "C:/Program Files/Java/jdk1.8.0_202"
INFO  [] - The derived from fraction jvm overhead memory (160.000mb (167772162 bytes)) is less than its min value 192.000mb (201326592 bytes), min value will be used instead
INFO  [] - Final Master Memory configuration:
INFO  [] -   Total Process Memory: 1.563gb (1677721600 bytes)
INFO  [] -     Total Flink Memory: 1.125gb (1207959552 bytes)
INFO  [] -       JVM Heap:         1024.000mb (1073741824 bytes)
INFO  [] -       Off-heap:         128.000mb (134217728 bytes)
INFO  [] -     JVM Metaspace:      256.000mb (268435456 bytes)
INFO  [] -     JVM Overhead:       192.000mb (201326592 bytes)

2024-08-04 13:27:20,728 INFO  org.apache.flink.runtime.entrypoint.ClusterEntrypoint        [] - --------------------------------------------------------------------------------
2024-08-04 13:27:20,728 INFO  org.apache.flink.runtime.entrypoint.ClusterEntrypoint        [] -  Starting StandaloneSessionClusterEntrypoint (Version: 1.11.1, Scala: 2.12, Rev:7eb514a, Date:2020-07-15T07:02:09+02:00)
2024-08-04 13:27:20,728 INFO  org.apache.flink.runtime.entrypoint.ClusterEntrypoint        [] -  OS current user: vigne
2024-08-04 13:27:20,728 INFO  org.apache.flink.runtime.entrypoint.ClusterEntrypoint        [] -  Current Hadoop/Kerberos user: <no hadoop dependency found>
2024-08-04 13:27:20,728 INFO  org.apache.flink.runtime.entrypoint.ClusterEntrypoint        [] -  JVM: Java HotSpot(TM) 64-Bit Server VM - Oracle Corporation - 1.8/25.202-b08
2024-08-04 13:27:20,728 INFO  org.apache.flink.runtime.entrypoint.ClusterEntrypoint        [] -  Maximum heap size: 981 MiBytes
2024-08-04 13:27:20,728 INFO  org.apache.flink.runtime.entrypoint.ClusterEntrypoint        [] -  JAVA_HOME: "C:/Program Files/Java/jdk1.8.0_202"
2024-08-04 13:27:20,728 INFO  org.apache.flink.runtime.entrypoint.ClusterEntrypoint        [] -  No Hadoop Dependency available
2024-08-04 13:27:20,728 INFO  org.apache.flink.runtime.entrypoint.ClusterEntrypoint        [] -  JVM Options:
2024-08-04 13:27:20,728 INFO  org.apache.flink.runtime.entrypoint.ClusterEntrypoint        [] -     -Xmx1073741824
2024-08-04 13:27:20,728 INFO  org.apache.flink.runtime.entrypoint.ClusterEntrypoint        [] -     -Xms1073741824
2024-08-04 13:27:20,728 INFO  org.apache.flink.runtime.entrypoint.ClusterEntrypoint        [] -     -XX:MaxMetaspaceSize=268435456
2024-08-04 13:27:20,728 INFO  org.apache.flink.runtime.entrypoint.ClusterEntrypoint        [] -     -Dlog.file=D:/Project/Flink/flink-1.11.1/log/flink--standalonesession-1-VigneshKannaa.log
2024-08-04 13:27:20,728 INFO  org.apache.flink.runtime.entrypoint.ClusterEntrypoint        [] -     -Dlog4j.configuration=file:D:\Project\Flink\flink-1.11.1\conf/log4j.properties
2024-08-04 13:27:20,728 INFO  org.apache.flink.runtime.entrypoint.ClusterEntrypoint        [] -     -Dlog4j.configurationFile=file:D:\Project\Flink\flink-1.11.1\conf/log4j.properties
2024-08-04 13:27:20,728 INFO  org.apache.flink.runtime.entrypoint.ClusterEntrypoint        [] -     -Dlogback.configurationFile=file:D:\Project\Flink\flink-1.11.1\conf/logback.xml
2024-08-04 13:27:20,728 INFO  org.apache.flink.runtime.entrypoint.ClusterEntrypoint        [] -  Program Arguments:
2024-08-04 13:27:20,728 INFO  org.apache.flink.runtime.entrypoint.ClusterEntrypoint        [] -     --configDir
2024-08-04 13:27:20,728 INFO  org.apache.flink.runtime.entrypoint.ClusterEntrypoint        [] -     D:\Project\Flink\flink-1.11.1\conf
2024-08-04 13:27:20,728 INFO  org.apache.flink.runtime.entrypoint.ClusterEntrypoint        [] -     --executionMode
2024-08-04 13:27:20,731 INFO  org.apache.flink.runtime.entrypoint.ClusterEntrypoint        [] -     cluster
2024-08-04 13:27:20,731 INFO  org.apache.flink.runtime.entrypoint.ClusterEntrypoint        [] -  Classpath: D:\Project\Flink\flink-1.11.1\lib\flink-csv-1.11.1.jar;D:\Project\Flink\flink-1.11.1\lib\flink-json-1.11.1.jar;D:\Project\Flink\flink-1.11.1\lib\flink-shaded-zookeeper-3.4.14.jar;D:\Project\Flink\flink-1.11.1\lib\flink-table_2.12-1.11.1.jar;D:\Project\Flink\flink-1.11.1\lib\flink-table-blink_2.12-1.11.1.jar;D:\Project\Flink\flink-1.11.1\lib\log4j-1.2-api-2.12.1.jar;D:\Project\Flink\flink-1.11.1\lib\log4j-api-2.12.1.jar;D:\Project\Flink\flink-1.11.1\lib\log4j-core-2.12.1.jar;D:\Project\Flink\flink-1.11.1\lib\log4j-slf4j-impl-2.12.1.jar;D:\Project\Flink\flink-1.11.1\lib\flink-dist_2.12-1.11.1.jar
2024-08-04 13:27:20,731 INFO  org.apache.flink.runtime.entrypoint.ClusterEntrypoint        [] - --------------------------------------------------------------------------------
2024-08-04 13:27:20,731 INFO  org.apache.flink.runtime.entrypoint.ClusterEntrypoint        [] - Registered UNIX signal handlers for [TERM, INT]
2024-08-04 13:27:20,732 INFO  org.apache.flink.configuration.GlobalConfiguration           [] - Loading configuration property: jobmanager.rpc.address, localhost
2024-08-04 13:27:20,732 INFO  org.apache.flink.configuration.GlobalConfiguration           [] - Loading configuration property: jobmanager.rpc.port, 6123
2024-08-04 13:27:20,732 INFO  org.apache.flink.configuration.GlobalConfiguration           [] - Loading configuration property: jobmanager.memory.process.size, 1600m
2024-08-04 13:27:20,732 INFO  org.apache.flink.configuration.GlobalConfiguration           [] - Loading configuration property: taskmanager.memory.process.size, 1728m
2024-08-04 13:27:20,732 INFO  org.apache.flink.configuration.GlobalConfiguration           [] - Loading configuration property: taskmanager.numberOfTaskSlots, 1
2024-08-04 13:27:20,732 INFO  org.apache.flink.configuration.GlobalConfiguration           [] - Loading configuration property: parallelism.default, 1
2024-08-04 13:27:20,732 INFO  org.apache.flink.configuration.GlobalConfiguration           [] - Loading configuration property: jobmanager.execution.failover-strategy, region
2024-08-04 13:27:20,732 INFO  org.apache.flink.configuration.GlobalConfiguration           [] - Loading configuration property: rest.port, 8081
2024-08-04 13:27:20,732 INFO  org.apache.flink.configuration.GlobalConfiguration           [] - Loading configuration property: env.java.home, "C:/Program Files/Java/jdk1.8.0_202"
2024-08-04 13:27:20,745 INFO  org.apache.flink.runtime.entrypoint.ClusterEntrypoint        [] - Starting StandaloneSessionClusterEntrypoint.
2024-08-04 13:27:20,784 INFO  org.apache.flink.runtime.entrypoint.ClusterEntrypoint        [] - Install default filesystem.
2024-08-04 13:27:20,784 INFO  org.apache.flink.core.fs.FileSystem                          [] - Hadoop is not in the classpath/dependencies. The extended set of supported File Systems via Hadoop is not available.
2024-08-04 13:27:21,235 INFO  org.apache.flink.runtime.entrypoint.ClusterEntrypoint        [] - Install security context.
2024-08-04 13:27:21,249 INFO  org.apache.flink.runtime.security.modules.HadoopModuleFactory [] - Cannot create Hadoop Security Module because Hadoop cannot be found in the Classpath.
2024-08-04 13:27:21,249 INFO  org.apache.flink.runtime.security.modules.JaasModule         [] - Jaas file will be created as C:\Users\vigne\AppData\Local\Temp\jaas-5178175294801369364.conf.
2024-08-04 13:27:21,309 INFO  org.apache.flink.runtime.security.contexts.HadoopSecurityContextFactory [] - Cannot install HadoopSecurityContext because Hadoop cannot be found in the Classpath.
2024-08-04 13:27:21,310 INFO  org.apache.flink.runtime.entrypoint.ClusterEntrypoint        [] - Initializing cluster services.
2024-08-04 13:27:21,329 INFO  org.apache.flink.runtime.rpc.akka.AkkaRpcServiceUtils        [] - Trying to start actor system, external address localhost:6123, bind address 0.0.0.0:6123.
2024-08-04 13:27:21,919 INFO  akka.event.slf4j.Slf4jLogger                                 [] - Slf4jLogger started
2024-08-04 13:27:21,944 INFO  akka.remote.Remoting                                         [] - Starting remoting
2024-08-04 13:27:22,055 INFO  akka.remote.Remoting                                         [] - Remoting started; listening on addresses :[akka.tcp://flink@localhost:6123]
2024-08-04 13:27:22,125 INFO  org.apache.flink.runtime.rpc.akka.AkkaRpcServiceUtils        [] - Actor system started at akka.tcp://flink@localhost:6123
2024-08-04 13:27:22,139 INFO  org.apache.flink.configuration.Configuration                 [] - Config uses fallback configuration key 'jobmanager.rpc.address' instead of key 'rest.address'
2024-08-04 13:27:22,139 INFO  org.apache.flink.runtime.blob.BlobServer                     [] - Created BLOB server storage directory C:\Users\vigne\AppData\Local\Temp\blobStore-b1592bfa-285d-435c-9913-86323b16e509
2024-08-04 13:27:22,139 INFO  org.apache.flink.runtime.blob.BlobServer                     [] - Started BLOB server at 0.0.0.0:60646 - max concurrent requests: 50 - max backlog: 1000
2024-08-04 13:27:22,155 INFO  org.apache.flink.runtime.metrics.MetricRegistryImpl          [] - No metrics reporter configured, no metrics will be exposed/reported.
2024-08-04 13:27:22,155 INFO  org.apache.flink.runtime.rpc.akka.AkkaRpcServiceUtils        [] - Trying to start actor system, external address localhost:0, bind address 0.0.0.0:0.
2024-08-04 13:27:22,174 INFO  akka.event.slf4j.Slf4jLogger                                 [] - Slf4jLogger started
2024-08-04 13:27:22,176 INFO  akka.remote.Remoting                                         [] - Starting remoting
2024-08-04 13:27:22,186 INFO  akka.remote.Remoting                                         [] - Remoting started; listening on addresses :[akka.tcp://flink-metrics@localhost:60659]
2024-08-04 13:27:22,195 INFO  org.apache.flink.runtime.rpc.akka.AkkaRpcServiceUtils        [] - Actor system started at akka.tcp://flink-metrics@localhost:60659
2024-08-04 13:27:22,202 INFO  org.apache.flink.runtime.rpc.akka.AkkaRpcService             [] - Starting RPC endpoint for org.apache.flink.runtime.metrics.dump.MetricQueryService at akka://flink-metrics/user/rpc/MetricQueryService .
2024-08-04 13:27:22,218 INFO  org.apache.flink.runtime.dispatcher.FileArchivedExecutionGraphStore [] - Initializing FileArchivedExecutionGraphStore: Storage directory C:\Users\vigne\AppData\Local\Temp\executionGraphStore-a665115b-40ab-4816-958d-67d6ed4ccf8e, expiration time 3600000, maximum cache size 52428800 bytes.
2024-08-04 13:27:22,249 INFO  org.apache.flink.configuration.Configuration                 [] - Config uses fallback configuration key 'jobmanager.rpc.address' instead of key 'rest.address'
2024-08-04 13:27:22,249 INFO  org.apache.flink.configuration.Configuration                 [] - Config uses fallback configuration key 'rest.port' instead of key 'rest.bind-port'
2024-08-04 13:27:22,265 INFO  org.apache.flink.runtime.dispatcher.DispatcherRestEndpoint   [] - Upload directory C:\Users\vigne\AppData\Local\Temp\flink-web-949e6368-d714-4a33-9785-210d5f6017de\flink-web-upload does not exist. 
2024-08-04 13:27:22,265 INFO  org.apache.flink.runtime.dispatcher.DispatcherRestEndpoint   [] - Created directory C:\Users\vigne\AppData\Local\Temp\flink-web-949e6368-d714-4a33-9785-210d5f6017de\flink-web-upload for file uploads.
2024-08-04 13:27:22,265 INFO  org.apache.flink.runtime.dispatcher.DispatcherRestEndpoint   [] - Starting rest endpoint.
2024-08-04 13:27:22,438 INFO  org.apache.flink.runtime.webmonitor.WebMonitorUtils          [] - Determined location of main cluster component log file: D:/Project/Flink/flink-1.11.1/log/flink--standalonesession-1-VigneshKannaa.log
2024-08-04 13:27:22,438 INFO  org.apache.flink.runtime.webmonitor.WebMonitorUtils          [] - Determined location of main cluster component stdout file: D:/Project/Flink/flink-1.11.1/log/flink--standalonesession-1-VigneshKannaa.out
2024-08-04 13:27:23,088 INFO  org.apache.flink.runtime.dispatcher.DispatcherRestEndpoint   [] - Rest endpoint listening at localhost:8081
2024-08-04 13:27:23,101 INFO  org.apache.flink.runtime.dispatcher.DispatcherRestEndpoint   [] - http://localhost:8081 was granted leadership with leaderSessionID=00000000-0000-0000-0000-000000000000
2024-08-04 13:27:23,101 INFO  org.apache.flink.runtime.dispatcher.DispatcherRestEndpoint   [] - Web frontend listening at http://localhost:8081.
2024-08-04 13:27:23,110 INFO  org.apache.flink.runtime.rpc.akka.AkkaRpcService             [] - Starting RPC endpoint for org.apache.flink.runtime.resourcemanager.StandaloneResourceManager at akka://flink/user/rpc/resourcemanager_0 .
2024-08-04 13:27:23,125 INFO  org.apache.flink.runtime.dispatcher.runner.SessionDispatcherLeaderProcess [] - Start SessionDispatcherLeaderProcess.
2024-08-04 13:27:23,135 INFO  org.apache.flink.runtime.dispatcher.runner.SessionDispatcherLeaderProcess [] - Recover all persisted job graphs.
2024-08-04 13:27:23,135 INFO  org.apache.flink.runtime.dispatcher.runner.SessionDispatcherLeaderProcess [] - Successfully recovered 0 persisted job graphs.
2024-08-04 13:27:23,137 INFO  org.apache.flink.runtime.resourcemanager.StandaloneResourceManager [] - ResourceManager akka.tcp://flink@localhost:6123/user/rpc/resourcemanager_0 was granted leadership with fencing token 00000000000000000000000000000000
2024-08-04 13:27:23,142 INFO  org.apache.flink.runtime.rpc.akka.AkkaRpcService             [] - Starting RPC endpoint for org.apache.flink.runtime.dispatcher.StandaloneDispatcher at akka://flink/user/rpc/dispatcher_1 .
2024-08-04 13:27:23,142 INFO  org.apache.flink.runtime.resourcemanager.slotmanager.SlotManagerImpl [] - Starting the SlotManager.
2024-08-04 13:27:26,677 INFO  org.apache.flink.runtime.resourcemanager.StandaloneResourceManager [] - Registering TaskManager with ResourceID 09d8e74c3e39d01bb977fe0556619379 (akka.tcp://flink@127.0.0.1:60744/user/rpc/taskmanager_0) at ResourceManager
2024-08-04 14:30:12,825 INFO  org.apache.flink.runtime.resourcemanager.StandaloneResourceManager [] - The heartbeat of TaskManager with id 09d8e74c3e39d01bb977fe0556619379 timed out.
2024-08-04 14:30:12,825 INFO  org.apache.flink.runtime.resourcemanager.StandaloneResourceManager [] - Closing TaskExecutor connection 09d8e74c3e39d01bb977fe0556619379 because: The heartbeat of TaskManager with id 09d8e74c3e39d01bb977fe0556619379  timed out.
2024-08-04 14:30:12,952 INFO  org.apache.flink.runtime.resourcemanager.StandaloneResourceManager [] - Registering TaskManager with ResourceID 09d8e74c3e39d01bb977fe0556619379 (akka.tcp://flink@127.0.0.1:60744/user/rpc/taskmanager_0) at ResourceManager
